<?xml version="1.0" encoding="UTF-8"?>
<testng-results ignored="0" total="2" passed="1" failed="1" skipped="0">
  <reporter-output>
  </reporter-output>
  <suite started-at="2019-08-15T16:15:03Z" name="TestSuite" finished-at="2019-08-15T16:15:39Z" duration-ms="35042">
    <groups>
    </groups>
    <test started-at="2019-08-15T16:15:03Z" name="Catalog" finished-at="2019-08-15T16:15:39Z" duration-ms="35042">
      <class name="com.automationpractice.test.test_cases.Catalog">
        <test-method is-config="true" signature="instantiateDriverObject()[pri:0, instance:com.automationpractice.test.test_cases.Catalog@2925bf5b]" started-at="2019-08-15T16:15:03Z" name="instantiateDriverObject" finished-at="2019-08-15T16:15:03Z" duration-ms="12" status="PASS">
          <reporter-output>
          </reporter-output>
        </test-method> <!-- instantiateDriverObject -->
        <test-method is-config="true" signature="extentReportSetup()[pri:0, instance:com.automationpractice.test.test_cases.Catalog@2925bf5b]" started-at="2019-08-15T16:15:03Z" name="extentReportSetup" finished-at="2019-08-15T16:15:07Z" duration-ms="3439" status="PASS">
          <reporter-output>
          </reporter-output>
        </test-method> <!-- extentReportSetup -->
        <test-method is-config="true" signature="init()[pri:0, instance:com.automationpractice.test.test_cases.Catalog@2925bf5b]" started-at="2019-08-15T16:15:07Z" name="init" finished-at="2019-08-15T16:15:24Z" duration-ms="17404" status="PASS">
          <reporter-output>
          </reporter-output>
        </test-method> <!-- init -->
        <test-method signature="SortHighestFirst()[pri:0, instance:com.automationpractice.test.test_cases.Catalog@2925bf5b]" started-at="2019-08-15T16:15:24Z" name="SortHighestFirst" finished-at="2019-08-15T16:15:29Z" duration-ms="5049" status="FAIL">
          <exception class="java.lang.AssertionError">
            <message>
              <![CDATA[expected [false] but found [true]]]>
            </message>
            <full-stacktrace>
              <![CDATA[java.lang.AssertionError: expected [false] but found [true]
at org.testng.Assert.fail(Assert.java:96)
at org.testng.Assert.failNotEquals(Assert.java:776)
at org.testng.Assert.assertEqualsImpl(Assert.java:137)
at org.testng.Assert.assertEquals(Assert.java:118)
at org.testng.Assert.assertEquals(Assert.java:568)
at org.testng.Assert.assertEquals(Assert.java:578)
at com.automationpractice.test.pages.CatalogPage.verifySortResult(CatalogPage.java:67)
at com.automationpractice.test.test_cases.Catalog.SortHighestFirst(Catalog.java:31)
at java.base/jdk.internal.reflect.NativeMethodAccessorImpl.invoke0(Native Method)
at java.base/jdk.internal.reflect.NativeMethodAccessorImpl.invoke(NativeMethodAccessorImpl.java:62)
at java.base/jdk.internal.reflect.DelegatingMethodAccessorImpl.invoke(DelegatingMethodAccessorImpl.java:43)
at java.base/java.lang.reflect.Method.invoke(Method.java:566)
at org.testng.internal.MethodInvocationHelper.invokeMethod(MethodInvocationHelper.java:124)
at org.testng.internal.Invoker.invokeMethod(Invoker.java:583)
at org.testng.internal.Invoker.invokeTestMethod(Invoker.java:719)
at org.testng.internal.Invoker.invokeTestMethods(Invoker.java:989)
at org.testng.internal.TestMethodWorker.invokeTestMethods(TestMethodWorker.java:125)
at org.testng.internal.TestMethodWorker.run(TestMethodWorker.java:109)
at java.base/java.util.concurrent.ThreadPoolExecutor.runWorker(ThreadPoolExecutor.java:1128)
at java.base/java.util.concurrent.ThreadPoolExecutor$Worker.run(ThreadPoolExecutor.java:628)
at java.base/java.lang.Thread.run(Thread.java:834)
]]>
            </full-stacktrace>
          </exception> <!-- java.lang.AssertionError -->
          <reporter-output>
          </reporter-output>
        </test-method> <!-- SortHighestFirst -->
        <test-method is-config="true" signature="clearCookies()[pri:0, instance:com.automationpractice.test.test_cases.Catalog@2925bf5b]" started-at="2019-08-15T16:15:29Z" name="clearCookies" finished-at="2019-08-15T16:15:29Z" duration-ms="20" status="PASS">
          <reporter-output>
          </reporter-output>
        </test-method> <!-- clearCookies -->
        <test-method is-config="true" signature="getResult(org.testng.ITestResult)[pri:0, instance:com.automationpractice.test.test_cases.Catalog@2925bf5b]" started-at="2019-08-15T16:15:29Z" name="getResult" finished-at="2019-08-15T16:15:30Z" duration-ms="846" status="PASS">
          <params>
            <param index="0">
              <value>
                <![CDATA[[TestResult name=SortHighestFirst status=FAILURE method=Catalog.SortHighestFirst()[pri:0, instance:com.automationpractice.test.test_cases.Catalog@2925bf5b] output={null}]]]>
              </value>
            </param>
          </params>
          <reporter-output>
          </reporter-output>
        </test-method> <!-- getResult -->
        <test-method is-config="true" signature="init()[pri:0, instance:com.automationpractice.test.test_cases.Catalog@2925bf5b]" started-at="2019-08-15T16:15:30Z" name="init" finished-at="2019-08-15T16:15:34Z" duration-ms="3821" status="PASS">
          <reporter-output>
          </reporter-output>
        </test-method> <!-- init -->
        <test-method signature="changeViewToList()[pri:0, instance:com.automationpractice.test.test_cases.Catalog@2925bf5b]" started-at="2019-08-15T16:15:34Z" name="changeViewToList" finished-at="2019-08-15T16:15:38Z" duration-ms="3633" status="PASS">
          <reporter-output>
          </reporter-output>
        </test-method> <!-- changeViewToList -->
        <test-method is-config="true" signature="clearCookies()[pri:0, instance:com.automationpractice.test.test_cases.Catalog@2925bf5b]" started-at="2019-08-15T16:15:38Z" name="clearCookies" finished-at="2019-08-15T16:15:38Z" duration-ms="19" status="PASS">
          <reporter-output>
          </reporter-output>
        </test-method> <!-- clearCookies -->
        <test-method is-config="true" signature="getResult(org.testng.ITestResult)[pri:0, instance:com.automationpractice.test.test_cases.Catalog@2925bf5b]" started-at="2019-08-15T16:15:38Z" name="getResult" finished-at="2019-08-15T16:15:38Z" duration-ms="0" status="PASS">
          <params>
            <param index="0">
              <value>
                <![CDATA[[TestResult name=changeViewToList status=SUCCESS method=Catalog.changeViewToList()[pri:0, instance:com.automationpractice.test.test_cases.Catalog@2925bf5b] output={null}]]]>
              </value>
            </param>
          </params>
          <reporter-output>
          </reporter-output>
        </test-method> <!-- getResult -->
        <test-method is-config="true" signature="endReport()[pri:0, instance:com.automationpractice.test.test_cases.Catalog@2925bf5b]" started-at="2019-08-15T16:15:38Z" name="endReport" finished-at="2019-08-15T16:15:39Z" duration-ms="756" status="PASS">
          <reporter-output>
          </reporter-output>
        </test-method> <!-- endReport -->
        <test-method is-config="true" signature="closeDriver()[pri:0, instance:com.automationpractice.test.test_cases.Catalog@2925bf5b]" started-at="2019-08-15T16:15:39Z" name="closeDriver" finished-at="2019-08-15T16:15:40Z" duration-ms="1552" status="PASS">
          <reporter-output>
          </reporter-output>
        </test-method> <!-- closeDriver -->
      </class> <!-- com.automationpractice.test.test_cases.Catalog -->
    </test> <!-- Catalog -->
  </suite> <!-- TestSuite -->
</testng-results>
